# JRE version: OpenJDK Runtime Environment (11.0.10) (build 11.0.10+0-b96-7249189)
# Java VM: OpenJDK 64-Bit Server VM (11.0.10+0-b96-7249189, mixed mode, tiered, compressed oops, g1 gc, windows-amd64)
Heap:
 garbage-first heap   total 140288K, used 102347K [0x00000000c1c00000, 0x0000000100000000)
  region size 1024K, 24 young (24576K), 3 survivors (3072K)
 Metaspace       used 70456K, capacity 71271K, committed 71376K, reserved 1112064K
  class space    used 7768K, capacity 8083K, committed 8144K, reserved 1048576K
GC Heap History (20 events):
Event: 14.736 GC heap before
{Heap before GC invocations=20 (full 0):
 garbage-first heap   total 95232K, used 69759K [0x00000000c1c00000, 0x0000000100000000)
  region size 1024K, 22 young (22528K), 3 survivors (3072K)
 Metaspace       used 53847K, capacity 54535K, committed 54864K, reserved 1097728K
  class space    used 6141K, capacity 6388K, committed 6480K, reserved 1048576K
}
Event: 14.763 GC heap after
{Heap after GC invocations=21 (full 0):
 garbage-first heap   total 95232K, used 54116K [0x00000000c1c00000, 0x0000000100000000)
  region size 1024K, 3 young (3072K), 3 survivors (3072K)
 Metaspace       used 53847K, capacity 54535K, committed 54864K, reserved 1097728K
  class space    used 6141K, capacity 6388K, committed 6480K, reserved 1048576K
}
Event: 15.677 GC heap before
{Heap before GC invocations=21 (full 0):
 garbage-first heap   total 95232K, used 72548K [0x00000000c1c00000, 0x0000000100000000)
  region size 1024K, 21 young (21504K), 3 survivors (3072K)
 Metaspace       used 56410K, capacity 57073K, committed 57168K, reserved 1099776K
  class space    used 6459K, capacity 6701K, committed 6736K, reserved 1048576K
}
Event: 15.696 GC heap after
{Heap after GC invocations=22 (full 0):
 garbage-first heap   total 95232K, used 57152K [0x00000000c1c00000, 0x0000000100000000)
  region size 1024K, 3 young (3072K), 3 survivors (3072K)
 Metaspace       used 56410K, capacity 57073K, committed 57168K, reserved 1099776K
  class space    used 6459K, capacity 6701K, committed 6736K, reserved 1048576K
}
Event: 16.463 GC heap before
{Heap before GC invocations=23 (full 0):
 garbage-first heap   total 95232K, used 74560K [0x00000000c1c00000, 0x0000000100000000)
  region size 1024K, 20 young (20480K), 3 survivors (3072K)
 Metaspace       used 58024K, capacity 58668K, committed 58960K, reserved 1101824K
  class space    used 6605K, capacity 6870K, committed 6992K, reserved 1048576K
}
Event: 16.492 GC heap after
{Heap after GC invocations=24 (full 0):
 garbage-first heap   total 114688K, used 60239K [0x00000000c1c00000, 0x0000000100000000)
  region size 1024K, 3 young (3072K), 3 survivors (3072K)
 Metaspace       used 58024K, capacity 58668K, committed 58960K, reserved 1101824K
  class space    used 6605K, capacity 6870K, committed 6992K, reserved 1048576K
}
Event: 17.435 GC heap before
{Heap before GC invocations=24 (full 0):
 garbage-first heap   total 114688K, used 82767K [0x00000000c1c00000, 0x0000000100000000)
  region size 1024K, 25 young (25600K), 3 survivors (3072K)
 Metaspace       used 59559K, capacity 60257K, committed 60368K, reserved 1101824K
  class space    used 6761K, capacity 7014K, committed 7120K, reserved 1048576K
}
Event: 17.463 GC heap after
{Heap after GC invocations=25 (full 0):
 garbage-first heap   total 114688K, used 64051K [0x00000000c1c00000, 0x0000000100000000)
  region size 1024K, 4 young (4096K), 4 survivors (4096K)
 Metaspace       used 59559K, capacity 60257K, committed 60368K, reserved 1101824K
  class space    used 6761K, capacity 7014K, committed 7120K, reserved 1048576K
}
Event: 18.419 GC heap before
{Heap before GC invocations=26 (full 0):
 garbage-first heap   total 114688K, used 85555K [0x00000000c1c00000, 0x0000000100000000)
  region size 1024K, 25 young (25600K), 4 survivors (4096K)
 Metaspace       used 60085K, capacity 60791K, committed 60880K, reserved 1103872K
  class space    used 6808K, capacity 7084K, committed 7120K, reserved 1048576K
}
Event: 18.443 GC heap after
{Heap after GC invocations=27 (full 0):
 garbage-first heap   total 114688K, used 68119K [0x00000000c1c00000, 0x0000000100000000)
  region size 1024K, 4 young (4096K), 4 survivors (4096K)
 Metaspace       used 60085K, capacity 60791K, committed 60880K, reserved 1103872K
  class space    used 6808K, capacity 7084K, committed 7120K, reserved 1048576K
}
Event: 19.118 GC heap before
{Heap before GC invocations=27 (full 0):
 garbage-first heap   total 114688K, used 88599K [0x00000000c1c00000, 0x0000000100000000)
  region size 1024K, 24 young (24576K), 4 survivors (4096K)
 Metaspace       used 60715K, capacity 61417K, committed 61648K, reserved 1103872K
  class space    used 6833K, capacity 7092K, committed 7120K, reserved 1048576K
}
Event: 19.139 GC heap after
{Heap after GC invocations=28 (full 0):
 garbage-first heap   total 114688K, used 71010K [0x00000000c1c00000, 0x0000000100000000)
  region size 1024K, 3 young (3072K), 3 survivors (3072K)
 Metaspace       used 60715K, capacity 61417K, committed 61648K, reserved 1103872K
  class space    used 6833K, capacity 7092K, committed 7120K, reserved 1048576K
}
Event: 20.005 GC heap before
{Heap before GC invocations=29 (full 0):
 garbage-first heap   total 114688K, used 90466K [0x00000000c1c00000, 0x0000000100000000)
  region size 1024K, 22 young (22528K), 3 survivors (3072K)
 Metaspace       used 62700K, capacity 63451K, committed 63568K, reserved 1105920K
  class space    used 7122K, capacity 7407K, committed 7504K, reserved 1048576K
}
Event: 20.031 GC heap after
{Heap after GC invocations=30 (full 0):
 garbage-first heap   total 140288K, used 74349K [0x00000000c1c00000, 0x0000000100000000)
  region size 1024K, 3 young (3072K), 3 survivors (3072K)
 Metaspace       used 62700K, capacity 63451K, committed 63568K, reserved 1105920K
  class space    used 7122K, capacity 7407K, committed 7504K, reserved 1048576K
}
Event: 21.452 GC heap before
{Heap before GC invocations=30 (full 0):
 garbage-first heap   total 140288K, used 101997K [0x00000000c1c00000, 0x0000000100000000)
  region size 1024K, 30 young (30720K), 3 survivors (3072K)
 Metaspace       used 65099K, capacity 65937K, committed 66128K, reserved 1107968K
  class space    used 7322K, capacity 7656K, committed 7760K, reserved 1048576K
}
Event: 21.470 GC heap after
{Heap after GC invocations=31 (full 0):
 garbage-first heap   total 140288K, used 77706K [0x00000000c1c00000, 0x0000000100000000)
  region size 1024K, 4 young (4096K), 4 survivors (4096K)
 Metaspace       used 65099K, capacity 65937K, committed 66128K, reserved 1107968K
  class space    used 7322K, capacity 7656K, committed 7760K, reserved 1048576K
}
Event: 23.173 GC heap before
{Heap before GC invocations=32 (full 0):
 garbage-first heap   total 140288K, used 104330K [0x00000000c1c00000, 0x0000000100000000)
  region size 1024K, 30 young (30720K), 4 survivors (4096K)
 Metaspace       used 68345K, capacity 69260K, committed 69456K, reserved 1110016K
  class space    used 7543K, capacity 7903K, committed 8016K, reserved 1048576K
}
Event: 23.191 GC heap after
{Heap after GC invocations=33 (full 0):
 garbage-first heap   total 140288K, used 79723K [0x00000000c1c00000, 0x0000000100000000)
  region size 1024K, 3 young (3072K), 3 survivors (3072K)
 Metaspace       used 68345K, capacity 69260K, committed 69456K, reserved 1110016K
  class space    used 7543K, capacity 7903K, committed 8016K, reserved 1048576K
}
Event: 23.409 GC heap before
{Heap before GC invocations=33 (full 0):
 garbage-first heap   total 140288K, used 89963K [0x00000000c1c00000, 0x0000000100000000)
  region size 1024K, 14 young (14336K), 3 survivors (3072K)
 Metaspace       used 68548K, capacity 69390K, committed 69712K, reserved 1112064K
  class space    used 7557K, capacity 7904K, committed 8016K, reserved 1048576K
}
Event: 23.418 GC heap after
{Heap after GC invocations=34 (full 0):
 garbage-first heap   total 140288K, used 79819K [0x00000000c1c00000, 0x0000000100000000)
  region size 1024K, 3 young (3072K), 3 survivors (3072K)
 Metaspace       used 68548K, capacity 69390K, committed 69712K, reserved 1112064K
  class space    used 7557K, capacity 7904K, committed 8016K, reserved 1048576K
}

