# JRE version: OpenJDK Runtime Environment (11.0.10) (build 11.0.10+0-b96-7249189)
# Java VM: OpenJDK 64-Bit Server VM (11.0.10+0-b96-7249189, mixed mode, tiered, compressed oops, g1 gc, windows-amd64)
Heap:
 garbage-first heap   total 138240K, used 65039K [0x0000000080000000, 0x0000000100000000)
  region size 1024K, 2 young (2048K), 2 survivors (2048K)
 Metaspace       used 70997K, capacity 72662K, committed 72960K, reserved 1112064K
  class space    used 8991K, capacity 9614K, committed 9728K, reserved 1048576K
GC Heap History (20 events):
Event: 11.022 GC heap after
{Heap after GC invocations=17 (full 0):
 garbage-first heap   total 95232K, used 31024K [0x0000000080000000, 0x0000000100000000)
  region size 1024K, 4 young (4096K), 4 survivors (4096K)
 Metaspace       used 45156K, capacity 46242K, committed 46464K, reserved 1089536K
  class space    used 5786K, capacity 6181K, committed 6272K, reserved 1048576K
}
Event: 12.599 GC heap before
{Heap before GC invocations=17 (full 0):
 garbage-first heap   total 95232K, used 68912K [0x0000000080000000, 0x0000000100000000)
  region size 1024K, 41 young (41984K), 4 survivors (4096K)
 Metaspace       used 47389K, capacity 48661K, committed 48768K, reserved 1091584K
  class space    used 6054K, capacity 6517K, committed 6528K, reserved 1048576K
}
Event: 12.611 GC heap after
{Heap after GC invocations=18 (full 0):
 garbage-first heap   total 114688K, used 33455K [0x0000000080000000, 0x0000000100000000)
  region size 1024K, 4 young (4096K), 4 survivors (4096K)
 Metaspace       used 47389K, capacity 48661K, committed 48768K, reserved 1091584K
  class space    used 6054K, capacity 6517K, committed 6528K, reserved 1048576K
}
Event: 14.499 GC heap before
{Heap before GC invocations=18 (full 0):
 garbage-first heap   total 114688K, used 84655K [0x0000000080000000, 0x0000000100000000)
  region size 1024K, 46 young (47104K), 4 survivors (4096K)
 Metaspace       used 49467K, capacity 50843K, committed 51200K, reserved 1093632K
  class space    used 6295K, capacity 6800K, committed 6912K, reserved 1048576K
}
Event: 14.511 GC heap after
{Heap after GC invocations=19 (full 0):
 garbage-first heap   total 114688K, used 50476K [0x0000000080000000, 0x0000000100000000)
  region size 1024K, 6 young (6144K), 6 survivors (6144K)
 Metaspace       used 49467K, capacity 50843K, committed 51200K, reserved 1093632K
  class space    used 6295K, capacity 6800K, committed 6912K, reserved 1048576K
}
Event: 16.655 GC heap before
{Heap before GC invocations=19 (full 0):
 garbage-first heap   total 114688K, used 86316K [0x0000000080000000, 0x0000000100000000)
  region size 1024K, 41 young (41984K), 6 survivors (6144K)
 Metaspace       used 54222K, capacity 55695K, committed 55936K, reserved 1097728K
  class space    used 6922K, capacity 7479K, committed 7552K, reserved 1048576K
}
Event: 16.665 GC heap after
{Heap after GC invocations=20 (full 0):
 garbage-first heap   total 114688K, used 52200K [0x0000000080000000, 0x0000000100000000)
  region size 1024K, 2 young (2048K), 2 survivors (2048K)
 Metaspace       used 54222K, capacity 55695K, committed 55936K, reserved 1097728K
  class space    used 6922K, capacity 7479K, committed 7552K, reserved 1048576K
}
Event: 17.599 GC heap before
{Heap before GC invocations=20 (full 0):
 garbage-first heap   total 114688K, used 88040K [0x0000000080000000, 0x0000000100000000)
  region size 1024K, 37 young (37888K), 2 survivors (2048K)
 Metaspace       used 59944K, capacity 61570K, committed 61696K, reserved 1103872K
  class space    used 7578K, capacity 8176K, committed 8192K, reserved 1048576K
}
Event: 17.605 GC heap after
{Heap after GC invocations=21 (full 0):
 garbage-first heap   total 114688K, used 53493K [0x0000000080000000, 0x0000000100000000)
  region size 1024K, 3 young (3072K), 3 survivors (3072K)
 Metaspace       used 59944K, capacity 61570K, committed 61696K, reserved 1103872K
  class space    used 7578K, capacity 8176K, committed 8192K, reserved 1048576K
}
Event: 18.517 GC heap before
{Heap before GC invocations=21 (full 0):
 garbage-first heap   total 114688K, used 88309K [0x0000000080000000, 0x0000000100000000)
  region size 1024K, 38 young (38912K), 3 survivors (3072K)
 Metaspace       used 63537K, capacity 65147K, committed 65408K, reserved 1105920K
  class space    used 7991K, capacity 8570K, committed 8576K, reserved 1048576K
}
Event: 18.531 GC heap after
{Heap after GC invocations=22 (full 0):
 garbage-first heap   total 114688K, used 57175K [0x0000000080000000, 0x0000000100000000)
  region size 1024K, 5 young (5120K), 5 survivors (5120K)
 Metaspace       used 63537K, capacity 65147K, committed 65408K, reserved 1105920K
  class space    used 7991K, capacity 8570K, committed 8576K, reserved 1048576K
}
Event: 18.731 GC heap before
{Heap before GC invocations=22 (full 0):
 garbage-first heap   total 114688K, used 65367K [0x0000000080000000, 0x0000000100000000)
  region size 1024K, 14 young (14336K), 5 survivors (5120K)
 Metaspace       used 64482K, capacity 66078K, committed 66432K, reserved 1107968K
  class space    used 8120K, capacity 8708K, committed 8832K, reserved 1048576K
}
Event: 18.742 GC heap after
{Heap after GC invocations=23 (full 0):
 garbage-first heap   total 114688K, used 58061K [0x0000000080000000, 0x0000000100000000)
  region size 1024K, 1 young (1024K), 1 survivors (1024K)
 Metaspace       used 64482K, capacity 66078K, committed 66432K, reserved 1107968K
  class space    used 8120K, capacity 8708K, committed 8832K, reserved 1048576K
}
Event: 19.453 GC heap before
{Heap before GC invocations=24 (full 0):
 garbage-first heap   total 114688K, used 81613K [0x0000000080000000, 0x0000000100000000)
  region size 1024K, 24 young (24576K), 1 survivors (1024K)
 Metaspace       used 66845K, capacity 68438K, committed 68736K, reserved 1110016K
  class space    used 8432K, capacity 9022K, committed 9088K, reserved 1048576K
}
Event: 19.461 GC heap after
{Heap after GC invocations=25 (full 0):
 garbage-first heap   total 114688K, used 58575K [0x0000000080000000, 0x0000000100000000)
  region size 1024K, 2 young (2048K), 2 survivors (2048K)
 Metaspace       used 66845K, capacity 68438K, committed 68736K, reserved 1110016K
  class space    used 8432K, capacity 9022K, committed 9088K, reserved 1048576K
}
Event: 19.946 GC heap before
{Heap before GC invocations=25 (full 0):
 garbage-first heap   total 114688K, used 83151K [0x0000000080000000, 0x0000000100000000)
  region size 1024K, 26 young (26624K), 2 survivors (2048K)
 Metaspace       used 67979K, capacity 69734K, committed 69888K, reserved 1110016K
  class space    used 8578K, capacity 9193K, committed 9216K, reserved 1048576K
}
Event: 19.955 GC heap after
{Heap after GC invocations=26 (full 0):
 garbage-first heap   total 114688K, used 60518K [0x0000000080000000, 0x0000000100000000)
  region size 1024K, 4 young (4096K), 4 survivors (4096K)
 Metaspace       used 67979K, capacity 69734K, committed 69888K, reserved 1110016K
  class space    used 8578K, capacity 9193K, committed 9216K, reserved 1048576K
}
Event: 20.379 GC heap before
{Heap before GC invocations=27 (full 0):
 garbage-first heap   total 114688K, used 84070K [0x0000000080000000, 0x0000000100000000)
  region size 1024K, 28 young (28672K), 4 survivors (4096K)
 Metaspace       used 68268K, capacity 69897K, committed 70016K, reserved 1110016K
  class space    used 8605K, capacity 9227K, committed 9344K, reserved 1048576K
}
Event: 20.395 GC heap after
{Heap after GC invocations=28 (full 0):
 garbage-first heap   total 114688K, used 63345K [0x0000000080000000, 0x0000000100000000)
  region size 1024K, 3 young (3072K), 3 survivors (3072K)
 Metaspace       used 68268K, capacity 69897K, committed 70016K, reserved 1110016K
  class space    used 8605K, capacity 9227K, committed 9344K, reserved 1048576K
}
Event: 21.110 GC heap before
{Heap before GC invocations=28 (full 0):
 garbage-first heap   total 114688K, used 87921K [0x0000000080000000, 0x0000000100000000)
  region size 1024K, 27 young (27648K), 3 survivors (3072K)
 Metaspace       used 70997K, capacity 72662K, committed 72960K, reserved 1112064K
  class space    used 8991K, capacity 9614K, committed 9728K, reserved 1048576K
}

