# JRE version: OpenJDK Runtime Environment (11.0.10) (build 11.0.10+0-b96-7249189)
# Java VM: OpenJDK 64-Bit Server VM (11.0.10+0-b96-7249189, mixed mode, tiered, compressed oops, g1 gc, windows-amd64)
Heap:
 garbage-first heap   total 95232K, used 53299K [0x0000000080000000, 0x0000000100000000)
  region size 1024K, 31 young (31744K), 4 survivors (4096K)
 Metaspace       used 42870K, capacity 43841K, committed 44188K, reserved 1087488K
  class space    used 5433K, capacity 5786K, committed 5888K, reserved 1048576K
GC Heap History (20 events):
Event: 2.235 GC heap before
{Heap before GC invocations=2 (full 0):
 garbage-first heap   total 65536K, used 42246K [0x0000000080000000, 0x0000000100000000)
  region size 1024K, 34 young (34816K), 2 survivors (2048K)
 Metaspace       used 11283K, capacity 11510K, committed 11776K, reserved 1060864K
  class space    used 1176K, capacity 1246K, committed 1280K, reserved 1048576K
}
Event: 2.242 GC heap after
{Heap after GC invocations=3 (full 0):
 garbage-first heap   total 65536K, used 11186K [0x0000000080000000, 0x0000000100000000)
  region size 1024K, 4 young (4096K), 4 survivors (4096K)
 Metaspace       used 11283K, capacity 11510K, committed 11776K, reserved 1060864K
  class space    used 1176K, capacity 1246K, committed 1280K, reserved 1048576K
}
Event: 3.635 GC heap before
{Heap before GC invocations=3 (full 0):
 garbage-first heap   total 65536K, used 43954K [0x0000000080000000, 0x0000000100000000)
  region size 1024K, 36 young (36864K), 4 survivors (4096K)
 Metaspace       used 16764K, capacity 17166K, committed 17280K, reserved 1064960K
  class space    used 1934K, capacity 2068K, committed 2176K, reserved 1048576K
}
Event: 3.650 GC heap after
{Heap after GC invocations=4 (full 0):
 garbage-first heap   total 65536K, used 16019K [0x0000000080000000, 0x0000000100000000)
  region size 1024K, 5 young (5120K), 5 survivors (5120K)
 Metaspace       used 16764K, capacity 17166K, committed 17280K, reserved 1064960K
  class space    used 1934K, capacity 2068K, committed 2176K, reserved 1048576K
}
Event: 4.331 GC heap before
{Heap before GC invocations=4 (full 0):
 garbage-first heap   total 65536K, used 45715K [0x0000000080000000, 0x0000000100000000)
  region size 1024K, 35 young (35840K), 5 survivors (5120K)
 Metaspace       used 20136K, capacity 20606K, committed 20864K, reserved 1067008K
  class space    used 2460K, capacity 2621K, committed 2688K, reserved 1048576K
}
Event: 4.338 GC heap after
{Heap after GC invocations=5 (full 0):
 garbage-first heap   total 78848K, used 17004K [0x0000000080000000, 0x0000000100000000)
  region size 1024K, 2 young (2048K), 2 survivors (2048K)
 Metaspace       used 20136K, capacity 20606K, committed 20864K, reserved 1067008K
  class space    used 2460K, capacity 2621K, committed 2688K, reserved 1048576K
}
Event: 4.451 GC heap before
{Heap before GC invocations=5 (full 0):
 garbage-first heap   total 78848K, used 20076K [0x0000000080000000, 0x0000000100000000)
  region size 1024K, 6 young (6144K), 2 survivors (2048K)
 Metaspace       used 20674K, capacity 21104K, committed 21296K, reserved 1069056K
  class space    used 2535K, capacity 2660K, committed 2688K, reserved 1048576K
}
Event: 4.456 GC heap after
{Heap after GC invocations=6 (full 0):
 garbage-first heap   total 78848K, used 17104K [0x0000000080000000, 0x0000000100000000)
  region size 1024K, 2 young (2048K), 2 survivors (2048K)
 Metaspace       used 20674K, capacity 21104K, committed 21296K, reserved 1069056K
  class space    used 2535K, capacity 2660K, committed 2688K, reserved 1048576K
}
Event: 5.228 GC heap before
{Heap before GC invocations=7 (full 0):
 garbage-first heap   total 78848K, used 51920K [0x0000000080000000, 0x0000000100000000)
  region size 1024K, 36 young (36864K), 2 survivors (2048K)
 Metaspace       used 24013K, capacity 24515K, committed 24576K, reserved 1071104K
  class space    used 3073K, capacity 3270K, committed 3328K, reserved 1048576K
}
Event: 5.235 GC heap after
{Heap after GC invocations=8 (full 0):
 garbage-first heap   total 78848K, used 18272K [0x0000000080000000, 0x0000000100000000)
  region size 1024K, 3 young (3072K), 3 survivors (3072K)
 Metaspace       used 24013K, capacity 24515K, committed 24576K, reserved 1071104K
  class space    used 3073K, capacity 3270K, committed 3328K, reserved 1048576K
}
Event: 6.046 GC heap before
{Heap before GC invocations=8 (full 0):
 garbage-first heap   total 78848K, used 55136K [0x0000000080000000, 0x0000000100000000)
  region size 1024K, 39 young (39936K), 3 survivors (3072K)
 Metaspace       used 27543K, capacity 28158K, committed 28288K, reserved 1073152K
  class space    used 3642K, capacity 3871K, committed 3968K, reserved 1048576K
}
Event: 6.053 GC heap after
{Heap after GC invocations=9 (full 0):
 garbage-first heap   total 78848K, used 19637K [0x0000000080000000, 0x0000000100000000)
  region size 1024K, 4 young (4096K), 4 survivors (4096K)
 Metaspace       used 27543K, capacity 28158K, committed 28288K, reserved 1073152K
  class space    used 3642K, capacity 3871K, committed 3968K, reserved 1048576K
}
Event: 7.138 GC heap before
{Heap before GC invocations=9 (full 0):
 garbage-first heap   total 78848K, used 56501K [0x0000000080000000, 0x0000000100000000)
  region size 1024K, 40 young (40960K), 4 survivors (4096K)
 Metaspace       used 34359K, capacity 35118K, committed 35328K, reserved 1079296K
  class space    used 4462K, capacity 4767K, committed 4864K, reserved 1048576K
}
Event: 7.153 GC heap after
{Heap after GC invocations=10 (full 0):
 garbage-first heap   total 78848K, used 22217K [0x0000000080000000, 0x0000000100000000)
  region size 1024K, 4 young (4096K), 4 survivors (4096K)
 Metaspace       used 34359K, capacity 35118K, committed 35328K, reserved 1079296K
  class space    used 4462K, capacity 4767K, committed 4864K, reserved 1048576K
}
Event: 7.288 GC heap before
{Heap before GC invocations=10 (full 0):
 garbage-first heap   total 78848K, used 26313K [0x0000000080000000, 0x0000000100000000)
  region size 1024K, 9 young (9216K), 4 survivors (4096K)
 Metaspace       used 35082K, capacity 35850K, committed 36048K, reserved 1081344K
  class space    used 4563K, capacity 4863K, committed 4864K, reserved 1048576K
}
Event: 7.298 GC heap after
{Heap after GC invocations=11 (full 0):
 garbage-first heap   total 78848K, used 22893K [0x0000000080000000, 0x0000000100000000)
  region size 1024K, 4 young (4096K), 4 survivors (4096K)
 Metaspace       used 35082K, capacity 35850K, committed 36048K, reserved 1081344K
  class space    used 4563K, capacity 4863K, committed 4864K, reserved 1048576K
}
Event: 7.698 GC heap before
{Heap before GC invocations=12 (full 0):
 garbage-first heap   total 78848K, used 47469K [0x0000000080000000, 0x0000000100000000)
  region size 1024K, 29 young (29696K), 4 survivors (4096K)
 Metaspace       used 36569K, capacity 37440K, committed 37788K, reserved 1081344K
  class space    used 4716K, capacity 5048K, committed 5120K, reserved 1048576K
}
Event: 7.708 GC heap after
{Heap after GC invocations=13 (full 0):
 garbage-first heap   total 95232K, used 25746K [0x0000000080000000, 0x0000000100000000)
  region size 1024K, 4 young (4096K), 4 survivors (4096K)
 Metaspace       used 36569K, capacity 37440K, committed 37788K, reserved 1081344K
  class space    used 4716K, capacity 5048K, committed 5120K, reserved 1048576K
}
Event: 8.495 GC heap before
{Heap before GC invocations=13 (full 0):
 garbage-first heap   total 95232K, used 62610K [0x0000000080000000, 0x0000000100000000)
  region size 1024K, 38 young (38912K), 4 survivors (4096K)
 Metaspace       used 40579K, capacity 41563K, committed 41628K, reserved 1085440K
  class space    used 5231K, capacity 5582K, committed 5632K, reserved 1048576K
}
Event: 8.506 GC heap after
{Heap after GC invocations=14 (full 0):
 garbage-first heap   total 95232K, used 26675K [0x0000000080000000, 0x0000000100000000)
  region size 1024K, 4 young (4096K), 4 survivors (4096K)
 Metaspace       used 40579K, capacity 41563K, committed 41628K, reserved 1085440K
  class space    used 5231K, capacity 5582K, committed 5632K, reserved 1048576K
}

